<?xml version="1.0" encoding="UTF-8"?>
<!-- Generated by org.testng.reporters.JUnitXMLReporter -->
<testsuite ignored="0" hostname="LAPTOP-77HAG7I3" failures="0" tests="5" name="Test" time="0.094" errors="0" timestamp="2026-06-27T10:32:47 IST">
  <testcase classname="pack.Group1" name="login" time="0.015"/>
  <testcase classname="pack.Group1" name="logout" time="0.002"/>
  <testcase classname="pack.Group1" name="payment" time="0.001"/>
  <testcase classname="pack.Group1" name="profileUpdate" time="0.003"/>
  <testcase classname="pack.Group1" name="searchProduct" time="0.002"/>
</testsuite> <!-- Test -->
