<?xml version="1.0" encoding="UTF-8"?>
<!-- Generated by org.testng.reporters.JUnitReportReporter -->
<testsuite hostname="LAPTOP-77HAG7I3" failures="0" tests="5" name="pack.TC012_TaskDataProvider3" time="64.289" errors="0" timestamp="2026-07-12T09:18:45 IST" skipped="0">
  <testcase classname="pack.TC012_TaskDataProvider3" name="testLogin" time="12.756"/>
  <testcase classname="pack.TC012_TaskDataProvider3" name="testLogin" time="12.686"/>
  <testcase classname="pack.TC012_TaskDataProvider3" name="testLogin" time="12.672"/>
  <testcase classname="pack.TC012_TaskDataProvider3" name="testLogin" time="12.704"/>
  <testcase classname="pack.TC012_TaskDataProvider3" name="testLogin" time="13.471"/>
</testsuite> <!-- pack.TC012_TaskDataProvider3 -->
