<?xml version="1.0" encoding="UTF-8"?>
<!-- Generated by org.testng.reporters.JUnitReportReporter -->
<testsuite hostname="LAPTOP-77HAG7I3" failures="0" tests="4" name="pack.TC002" time="0.015" errors="0" timestamp="2026-06-27T09:34:11 IST" skipped="0">
  <testcase classname="pack.TC002" name="register" time="0.006"/>
  <testcase classname="pack.TC002" name="login" time="0.004"/>
  <testcase classname="pack.TC002" name="dashboard" time="0.002"/>
  <testcase classname="pack.TC002" name="logout" time="0.003"/>
</testsuite> <!-- pack.TC002 -->
