<?xml version="1.0" encoding="UTF-8"?>
<!-- Generated by org.testng.reporters.JUnitReportReporter -->
<testsuite hostname="LAPTOP-77HAG7I3" failures="0" tests="3" name="pack.SkipTestAndPriority" time="0.024" errors="0" timestamp="2026-06-27T09:25:13 IST" skipped="1">
  <testcase classname="pack.SkipTestAndPriority" name="login" time="0.021"/>
  <testcase classname="pack.SkipTestAndPriority" name="payment" time="0.003"/>
  <testcase classname="pack.SkipTestAndPriority" name="logout">
    <skipped/>
  </testcase> <!-- logout -->
</testsuite> <!-- pack.SkipTestAndPriority -->
